1524138038792	geckodriver	INFO	geckodriver 0.20.1
1524138038803	geckodriver	INFO	Listening on 127.0.0.1:47547
1524138039809	mozrunner::runner	INFO	Running command: "/usr/bin/firefox" "-marionette" "-headless" "-profile" "/tmp/rust_mozprofile.w6GtsUVLOSCB"
*** You are running in headless mode.
1524138040262	Marionette	INFO	Enabled via --marionette
1524138041088	Marionette	INFO	Listening on port 40839
1524138041124	Marionette	WARN	TLS certificate errors will be ignored for this session
*** UTM:SVC TimerManager:registerTimer called after profile-before-change notification. Ignoring timer registration for id: telemetry_modules_ping
1524138199202	geckodriver	INFO	geckodriver 0.20.1
1524138199208	geckodriver	INFO	Listening on 127.0.0.1:34765
1524138200209	mozrunner::runner	INFO	Running command: "/usr/bin/firefox" "-marionette" "-headless" "-profile" "/tmp/rust_mozprofile.HnwwEnIo0ocA"
*** You are running in headless mode.
1524138200674	Marionette	INFO	Enabled via --marionette
1524138201522	Marionette	INFO	Listening on port 34951
1524138201624	Marionette	WARN	TLS certificate errors will be ignored for this session
*** UTM:SVC TimerManager:registerTimer called after profile-before-change notification. Ignoring timer registration for id: telemetry_modules_ping
1524138274544	geckodriver	INFO	geckodriver 0.20.1
1524138274554	geckodriver	INFO	Listening on 127.0.0.1:60167
1524138275556	mozrunner::runner	INFO	Running command: "/usr/bin/firefox" "-marionette" "-headless" "-profile" "/tmp/rust_mozprofile.vkenJz2Y18Dd"
*** You are running in headless mode.
1524138276010	Marionette	INFO	Enabled via --marionette
1524138276808	Marionette	INFO	Listening on port 43031
1524138276864	Marionette	WARN	TLS certificate errors will be ignored for this session
JavaScript warning: https://www.google.com/maps/_/js/k=maps.m.de.tdcDAnPQ5p8.O/m=sc2,per,mo,lp,ep,ti,ds,stx,pwd,ppl,log,std,b/rt=j/d=1/rs=ACT90oGod8B6tvg0y2vZ4W4PuWluVjBd5Q, line 2326: Error: WebGL warning: Can't use WebGL in headless mode (https://bugzil.la/1375585).
JavaScript warning: https://www.google.com/maps/_/js/k=maps.m.de.tdcDAnPQ5p8.O/m=sc2,per,mo,lp,ep,ti,ds,stx,pwd,ppl,log,std,b/rt=j/d=1/rs=ACT90oGod8B6tvg0y2vZ4W4PuWluVjBd5Q, line 2326: Error: WebGL warning: Failed to create WebGL context: WebGL creation failed: 
* Can't use WebGL in headless mode (https://bugzil.la/1375585).
JavaScript warning: https://www.google.com/maps/_/js/k=maps.m.de.tdcDAnPQ5p8.O/m=sc2,per,mo,lp,ep,ti,ds,stx,pwd,ppl,log,std,b/rt=j/d=1/rs=ACT90oGod8B6tvg0y2vZ4W4PuWluVjBd5Q, line 2326: Error: WebGL warning: Can't use WebGL in headless mode (https://bugzil.la/1375585).
JavaScript warning: https://www.google.com/maps/_/js/k=maps.m.de.tdcDAnPQ5p8.O/m=sc2,per,mo,lp,ep,ti,ds,stx,pwd,ppl,log,std,b/rt=j/d=1/rs=ACT90oGod8B6tvg0y2vZ4W4PuWluVjBd5Q, line 2326: Error: WebGL warning: Failed to create WebGL context: WebGL creation failed: 
* Can't use WebGL in headless mode (https://bugzil.la/1375585).
*** UTM:SVC TimerManager:registerTimer called after profile-before-change notification. Ignoring timer registration for id: telemetry_modules_ping
1524138559745	geckodriver	INFO	geckodriver 0.20.1
1524138559756	geckodriver	INFO	Listening on 127.0.0.1:34237
1524138560753	mozrunner::runner	INFO	Running command: "/usr/bin/firefox" "-marionette" "-headless" "-profile" "/tmp/rust_mozprofile.4kNt6JA4esu4"
*** You are running in headless mode.
1524138561250	Marionette	INFO	Enabled via --marionette
1524138562076	Marionette	INFO	Listening on port 34473
1524138562158	Marionette	WARN	TLS certificate errors will be ignored for this session
JavaScript warning: https://www.google.com/maps/_/js/k=maps.m.de.tdcDAnPQ5p8.O/m=sc2,per,mo,lp,ep,ti,ds,stx,pwd,ppl,log,std,b/rt=j/d=1/rs=ACT90oGod8B6tvg0y2vZ4W4PuWluVjBd5Q, line 2326: Error: WebGL warning: Can't use WebGL in headless mode (https://bugzil.la/1375585).
JavaScript warning: https://www.google.com/maps/_/js/k=maps.m.de.tdcDAnPQ5p8.O/m=sc2,per,mo,lp,ep,ti,ds,stx,pwd,ppl,log,std,b/rt=j/d=1/rs=ACT90oGod8B6tvg0y2vZ4W4PuWluVjBd5Q, line 2326: Error: WebGL warning: Failed to create WebGL context: WebGL creation failed: 
* Can't use WebGL in headless mode (https://bugzil.la/1375585).
JavaScript warning: https://www.google.com/maps/_/js/k=maps.m.de.tdcDAnPQ5p8.O/m=sc2,per,mo,lp,ep,ti,ds,stx,pwd,ppl,log,std,b/rt=j/d=1/rs=ACT90oGod8B6tvg0y2vZ4W4PuWluVjBd5Q, line 2326: Error: WebGL warning: Can't use WebGL in headless mode (https://bugzil.la/1375585).
JavaScript warning: https://www.google.com/maps/_/js/k=maps.m.de.tdcDAnPQ5p8.O/m=sc2,per,mo,lp,ep,ti,ds,stx,pwd,ppl,log,std,b/rt=j/d=1/rs=ACT90oGod8B6tvg0y2vZ4W4PuWluVjBd5Q, line 2326: Error: WebGL warning: Failed to create WebGL context: WebGL creation failed: 
* Can't use WebGL in headless mode (https://bugzil.la/1375585).
[Parent 5845, Gecko_IOThread] WARNING: pipe error (71): Connection reset by peer: file /build/firefox-BgGWsI/firefox-59.0.2+build1/ipc/chromium/src/chrome/common/ipc_channel_posix.cc, line 353
*** UTM:SVC TimerManager:registerTimer called after profile-before-change notification. Ignoring timer registration for id: telemetry_modules_ping
1524138591470	geckodriver	INFO	geckodriver 0.20.1
1524138591482	geckodriver	INFO	Listening on 127.0.0.1:55503
1524138592480	mozrunner::runner	INFO	Running command: "/usr/bin/firefox" "-marionette" "-headless" "-profile" "/tmp/rust_mozprofile.LNHNj4gg2HtL"
*** You are running in headless mode.
1524138592946	Marionette	INFO	Enabled via --marionette
1524138593814	Marionette	INFO	Listening on port 46361
1524138593886	Marionette	WARN	TLS certificate errors will be ignored for this session
JavaScript warning: https://www.google.com/maps/_/js/k=maps.m.de.tdcDAnPQ5p8.O/m=sc2,per,mo,lp,ep,ti,ds,stx,pwd,ppl,log,std,b/rt=j/d=1/rs=ACT90oGod8B6tvg0y2vZ4W4PuWluVjBd5Q, line 2326: Error: WebGL warning: Can't use WebGL in headless mode (https://bugzil.la/1375585).
JavaScript warning: https://www.google.com/maps/_/js/k=maps.m.de.tdcDAnPQ5p8.O/m=sc2,per,mo,lp,ep,ti,ds,stx,pwd,ppl,log,std,b/rt=j/d=1/rs=ACT90oGod8B6tvg0y2vZ4W4PuWluVjBd5Q, line 2326: Error: WebGL warning: Failed to create WebGL context: WebGL creation failed: 
* Can't use WebGL in headless mode (https://bugzil.la/1375585).
JavaScript warning: https://www.google.com/maps/_/js/k=maps.m.de.tdcDAnPQ5p8.O/m=sc2,per,mo,lp,ep,ti,ds,stx,pwd,ppl,log,std,b/rt=j/d=1/rs=ACT90oGod8B6tvg0y2vZ4W4PuWluVjBd5Q, line 2326: Error: WebGL warning: Can't use WebGL in headless mode (https://bugzil.la/1375585).
JavaScript warning: https://www.google.com/maps/_/js/k=maps.m.de.tdcDAnPQ5p8.O/m=sc2,per,mo,lp,ep,ti,ds,stx,pwd,ppl,log,std,b/rt=j/d=1/rs=ACT90oGod8B6tvg0y2vZ4W4PuWluVjBd5Q, line 2326: Error: WebGL warning: Failed to create WebGL context: WebGL creation failed: 
* Can't use WebGL in headless mode (https://bugzil.la/1375585).
*** UTM:SVC TimerManager:registerTimer called after profile-before-change notification. Ignoring timer registration for id: telemetry_modules_ping
1524138625851	geckodriver	INFO	geckodriver 0.20.1
1524138625862	geckodriver	INFO	Listening on 127.0.0.1:48587
1524138626861	mozrunner::runner	INFO	Running command: "/usr/bin/firefox" "-marionette" "-headless" "-profile" "/tmp/rust_mozprofile.ePF8GfcFIMag"
*** You are running in headless mode.
1524138627348	Marionette	INFO	Enabled via --marionette
1524138628180	Marionette	INFO	Listening on port 36403
1524138628268	Marionette	WARN	TLS certificate errors will be ignored for this session
JavaScript warning: https://www.google.com/maps/_/js/k=maps.m.de.tdcDAnPQ5p8.O/m=sc2,per,mo,lp,ep,ti,ds,stx,pwd,ppl,log,std,b/rt=j/d=1/rs=ACT90oGod8B6tvg0y2vZ4W4PuWluVjBd5Q, line 2326: Error: WebGL warning: Can't use WebGL in headless mode (https://bugzil.la/1375585).
JavaScript warning: https://www.google.com/maps/_/js/k=maps.m.de.tdcDAnPQ5p8.O/m=sc2,per,mo,lp,ep,ti,ds,stx,pwd,ppl,log,std,b/rt=j/d=1/rs=ACT90oGod8B6tvg0y2vZ4W4PuWluVjBd5Q, line 2326: Error: WebGL warning: Failed to create WebGL context: WebGL creation failed: 
* Can't use WebGL in headless mode (https://bugzil.la/1375585).
JavaScript warning: https://www.google.com/maps/_/js/k=maps.m.de.tdcDAnPQ5p8.O/m=sc2,per,mo,lp,ep,ti,ds,stx,pwd,ppl,log,std,b/rt=j/d=1/rs=ACT90oGod8B6tvg0y2vZ4W4PuWluVjBd5Q, line 2326: Error: WebGL warning: Can't use WebGL in headless mode (https://bugzil.la/1375585).
JavaScript warning: https://www.google.com/maps/_/js/k=maps.m.de.tdcDAnPQ5p8.O/m=sc2,per,mo,lp,ep,ti,ds,stx,pwd,ppl,log,std,b/rt=j/d=1/rs=ACT90oGod8B6tvg0y2vZ4W4PuWluVjBd5Q, line 2326: Error: WebGL warning: Failed to create WebGL context: WebGL creation failed: 
* Can't use WebGL in headless mode (https://bugzil.la/1375585).
*** UTM:SVC TimerManager:registerTimer called after profile-before-change notification. Ignoring timer registration for id: telemetry_modules_ping
